==5824== Memcheck, a memory error detector
==5824== Copyright (C) 2002-2012, and GNU GPL'd, by Julian Seward et al.
==5824== Using Valgrind-3.8.0 and LibVEX; rerun with -h for copyright info
==5824== Command: ./vector_dinamico.bin
==5824== Parent PID: 5647
==5824== 
==5824== Invalid write of size 8
==5824==    at 0x4007AC: vector_guardar (vector_dinamico.c:143)
==5824==    by 0x400968: prueba_vector (vector_dinamico.c:195)
==5824==    by 0x400C89: main (vector_dinamico.c:249)
==5824==  Address 0x51d70e8 is 8 bytes after a block of size 16 alloc'd
==5824==    at 0x4C2BFCB: malloc (in /usr/lib/valgrind/vgpreload_memcheck-amd64-linux.so)
==5824==    by 0x4005F1: vector_crear (vector_dinamico.c:59)
==5824==    by 0x400884: prueba_vector (vector_dinamico.c:185)
==5824==    by 0x400C89: main (vector_dinamico.c:249)
==5824== 
==5824== Invalid read of size 8
==5824==    at 0x4007C2: vector_guardar (vector_dinamico.c:146)
==5824==    by 0x400968: prueba_vector (vector_dinamico.c:195)
==5824==    by 0x400C89: main (vector_dinamico.c:249)
==5824==  Address 0x51d70e8 is 8 bytes after a block of size 16 alloc'd
==5824==    at 0x4C2BFCB: malloc (in /usr/lib/valgrind/vgpreload_memcheck-amd64-linux.so)
==5824==    by 0x4005F1: vector_crear (vector_dinamico.c:59)
==5824==    by 0x400884: prueba_vector (vector_dinamico.c:185)
==5824==    by 0x400C89: main (vector_dinamico.c:249)
==5824== 
==5824== Invalid read of size 8
==5824==    at 0x400752: vector_obtener (vector_dinamico.c:126)
==5824==    by 0x400A8F: prueba_vector (vector_dinamico.c:208)
==5824==    by 0x400C89: main (vector_dinamico.c:249)
==5824==  Address 0x51d70e8 is 8 bytes after a block of size 16 alloc'd
==5824==    at 0x4C2BFCB: malloc (in /usr/lib/valgrind/vgpreload_memcheck-amd64-linux.so)
==5824==    by 0x4005F1: vector_crear (vector_dinamico.c:59)
==5824==    by 0x400884: prueba_vector (vector_dinamico.c:185)
==5824==    by 0x400C89: main (vector_dinamico.c:249)
==5824== 
==5824== Invalid write of size 8
==5824==    at 0x4007AC: vector_guardar (vector_dinamico.c:143)
==5824==    by 0x400B5A: prueba_vector (vector_dinamico.c:220)
==5824==    by 0x400C89: main (vector_dinamico.c:249)
==5824==  Address 0x51d7138 is 4 bytes after a block of size 20 alloc'd
==5824==    at 0x4C2BFCB: malloc (in /usr/lib/valgrind/vgpreload_memcheck-amd64-linux.so)
==5824==    by 0x400613: vector_crear (vector_dinamico.c:62)
==5824==    by 0x400884: prueba_vector (vector_dinamico.c:185)
==5824==    by 0x400C89: main (vector_dinamico.c:249)
==5824== 
==5824== Invalid read of size 8
==5824==    at 0x4007C2: vector_guardar (vector_dinamico.c:146)
==5824==    by 0x400B5A: prueba_vector (vector_dinamico.c:220)
==5824==    by 0x400C89: main (vector_dinamico.c:249)
==5824==  Address 0x51d7138 is 4 bytes after a block of size 20 alloc'd
==5824==    at 0x4C2BFCB: malloc (in /usr/lib/valgrind/vgpreload_memcheck-amd64-linux.so)
==5824==    by 0x400613: vector_crear (vector_dinamico.c:62)
==5824==    by 0x400884: prueba_vector (vector_dinamico.c:185)
==5824==    by 0x400C89: main (vector_dinamico.c:249)
==5824== 
==5824== Invalid read of size 8
==5824==    at 0x400752: vector_obtener (vector_dinamico.c:126)
==5824==    by 0x400B7E: prueba_vector (vector_dinamico.c:221)
==5824==    by 0x400C89: main (vector_dinamico.c:249)
==5824==  Address 0x51d7138 is 4 bytes after a block of size 20 alloc'd
==5824==    at 0x4C2BFCB: malloc (in /usr/lib/valgrind/vgpreload_memcheck-amd64-linux.so)
==5824==    by 0x400613: vector_crear (vector_dinamico.c:62)
==5824==    by 0x400884: prueba_vector (vector_dinamico.c:185)
==5824==    by 0x400C89: main (vector_dinamico.c:249)
==5824== 
==5824== Invalid read of size 8
==5824==    at 0x400699: vector_destruir (vector_dinamico.c:91)
==5824==    by 0x400C79: prueba_vector (vector_dinamico.c:236)
==5824==    by 0x400C89: main (vector_dinamico.c:249)
==5824==  Address 0x51d70e8 is 8 bytes after a block of size 16 alloc'd
==5824==    at 0x4C2BFCB: malloc (in /usr/lib/valgrind/vgpreload_memcheck-amd64-linux.so)
==5824==    by 0x4005F1: vector_crear (vector_dinamico.c:59)
==5824==    by 0x400884: prueba_vector (vector_dinamico.c:185)
==5824==    by 0x400C89: main (vector_dinamico.c:249)
==5824== 
==5824== Invalid free() / delete / delete[] / realloc()
==5824==    at 0x4C2ACBC: free (in /usr/lib/valgrind/vgpreload_memcheck-amd64-linux.so)
==5824==    by 0x4006A4: vector_destruir (vector_dinamico.c:91)
==5824==    by 0x400C79: prueba_vector (vector_dinamico.c:236)
==5824==    by 0x400C89: main (vector_dinamico.c:249)
==5824==  Address 0x50 is not stack'd, malloc'd or (recently) free'd
==5824== 
==5824== 
==5824== HEAP SUMMARY:
==5824==     in use at exit: 76 bytes in 4 blocks
==5824==   total heap usage: 9 allocs, 6 frees, 184 bytes allocated
==5824== 
==5824== 0 bytes in 1 blocks are definitely lost in loss record 1 of 4
==5824==    at 0x4C2BFCB: malloc (in /usr/lib/valgrind/vgpreload_memcheck-amd64-linux.so)
==5824==    by 0x400613: vector_crear (vector_dinamico.c:62)
==5824==    by 0x40083E: prueba_vector (vector_dinamico.c:180)
==5824==    by 0x400C89: main (vector_dinamico.c:249)
==5824== 
==5824== 16 bytes in 1 blocks are definitely lost in loss record 2 of 4
==5824==    at 0x4C2BFCB: malloc (in /usr/lib/valgrind/vgpreload_memcheck-amd64-linux.so)
==5824==    by 0x4005F1: vector_crear (vector_dinamico.c:59)
==5824==    by 0x400884: prueba_vector (vector_dinamico.c:185)
==5824==    by 0x400C89: main (vector_dinamico.c:249)
==5824== 
==5824== 20 bytes in 1 blocks are definitely lost in loss record 3 of 4
==5824==    at 0x4C2BFCB: malloc (in /usr/lib/valgrind/vgpreload_memcheck-amd64-linux.so)
==5824==    by 0x400613: vector_crear (vector_dinamico.c:62)
==5824==    by 0x400884: prueba_vector (vector_dinamico.c:185)
==5824==    by 0x400C89: main (vector_dinamico.c:249)
==5824== 
==5824== 40 bytes in 1 blocks are definitely lost in loss record 4 of 4
==5824==    at 0x4C2BFCB: malloc (in /usr/lib/valgrind/vgpreload_memcheck-amd64-linux.so)
==5824==    by 0x4007AB: vector_guardar (vector_dinamico.c:143)
==5824==    by 0x400B5A: prueba_vector (vector_dinamico.c:220)
==5824==    by 0x400C89: main (vector_dinamico.c:249)
==5824== 
==5824== LEAK SUMMARY:
==5824==    definitely lost: 76 bytes in 4 blocks
==5824==    indirectly lost: 0 bytes in 0 blocks
==5824==      possibly lost: 0 bytes in 0 blocks
==5824==    still reachable: 0 bytes in 0 blocks
==5824==         suppressed: 0 bytes in 0 blocks
==5824== 
==5824== For counts of detected and suppressed errors, rerun with: -v
==5824== ERROR SUMMARY: 13 errors from 12 contexts (suppressed: 2 from 2)
